2024-03-20 00:13:37 [ERROR] Error getting file content for https://watsabplus.gold/nicon/regular-sprites.svg: Client error: `GET https://watsabplus.gold/nicon/regular-sprites.svg` resulted in a `403 Forbidden` response:
<!DOCTYPE html>
<!--[if lt IE 7]> <html class="no-js ie6 oldie" lang="en-US"> <![endif]-->
<!--[if IE 7]>    <html class (truncated...)

2024-03-20 00:13:37 [ERROR] Error getting file content for https://watsabplus.gold/nicon/brands-sprites.svg: Client error: `GET https://watsabplus.gold/nicon/brands-sprites.svg` resulted in a `403 Forbidden` response:
<!DOCTYPE html>
<!--[if lt IE 7]> <html class="no-js ie6 oldie" lang="en-US"> <![endif]-->
<!--[if IE 7]>    <html class (truncated...)

2024-03-20 00:13:37 [ERROR] Error getting file content for https://watsabplus.gold/nicon/solid-sprites.svg: Client error: `GET https://watsabplus.gold/nicon/solid-sprites.svg` resulted in a `403 Forbidden` response:
<!DOCTYPE html>
<!--[if lt IE 7]> <html class="no-js ie6 oldie" lang="en-US"> <![endif]-->
<!--[if IE 7]>    <html class (truncated...)

2024-03-20 00:13:37 [ERROR] Error getting file content for https://watsabplus.gold/nicon/tabler-sprites.svg: Client error: `GET https://watsabplus.gold/nicon/tabler-sprites.svg` resulted in a `403 Forbidden` response:
<!DOCTYPE html>
<!--[if lt IE 7]> <html class="no-js ie6 oldie" lang="en-US"> <![endif]-->
<!--[if IE 7]>    <html class (truncated...)

2024-03-20 00:13:37 [INFO] Request context:
$_GET = [
    'p' => 'whatsapp-gold/'
]

$_POST = []
2024-03-20 00:20:47 [ERROR] Error getting file content for https://watsabplus.gold/nicon/regular-sprites.svg: Client error: `GET https://watsabplus.gold/nicon/regular-sprites.svg` resulted in a `403 Forbidden` response:
<!DOCTYPE html>
<!--[if lt IE 7]> <html class="no-js ie6 oldie" lang="en-US"> <![endif]-->
<!--[if IE 7]>    <html class (truncated...)

2024-03-20 00:20:47 [ERROR] Error getting file content for https://watsabplus.gold/nicon/brands-sprites.svg: Client error: `GET https://watsabplus.gold/nicon/brands-sprites.svg` resulted in a `403 Forbidden` response:
<!DOCTYPE html>
<!--[if lt IE 7]> <html class="no-js ie6 oldie" lang="en-US"> <![endif]-->
<!--[if IE 7]>    <html class (truncated...)

2024-03-20 00:20:47 [ERROR] Error getting file content for https://watsabplus.gold/nicon/solid-sprites.svg: Client error: `GET https://watsabplus.gold/nicon/solid-sprites.svg` resulted in a `403 Forbidden` response:
<!DOCTYPE html>
<!--[if lt IE 7]> <html class="no-js ie6 oldie" lang="en-US"> <![endif]-->
<!--[if IE 7]>    <html class (truncated...)

2024-03-20 00:20:47 [ERROR] Error getting file content for https://watsabplus.gold/nicon/tabler-sprites.svg: Client error: `GET https://watsabplus.gold/nicon/tabler-sprites.svg` resulted in a `403 Forbidden` response:
<!DOCTYPE html>
<!--[if lt IE 7]> <html class="no-js ie6 oldie" lang="en-US"> <![endif]-->
<!--[if IE 7]>    <html class (truncated...)

2024-03-20 00:20:47 [INFO] Request context:
$_GET = [
    'p' => 'whatsapp-gold/'
]

$_POST = []
2024-03-20 00:23:35 [ERROR] Error getting file content for https://watsabplus.gold/nicon/regular-sprites.svg: Client error: `GET https://watsabplus.gold/nicon/regular-sprites.svg` resulted in a `403 Forbidden` response:
<!DOCTYPE html>
<!--[if lt IE 7]> <html class="no-js ie6 oldie" lang="en-US"> <![endif]-->
<!--[if IE 7]>    <html class (truncated...)

2024-03-20 00:23:35 [ERROR] Error getting file content for https://watsabplus.gold/nicon/brands-sprites.svg: Client error: `GET https://watsabplus.gold/nicon/brands-sprites.svg` resulted in a `403 Forbidden` response:
<!DOCTYPE html>
<!--[if lt IE 7]> <html class="no-js ie6 oldie" lang="en-US"> <![endif]-->
<!--[if IE 7]>    <html class (truncated...)

2024-03-20 00:23:35 [ERROR] Error getting file content for https://watsabplus.gold/nicon/solid-sprites.svg: Client error: `GET https://watsabplus.gold/nicon/solid-sprites.svg` resulted in a `403 Forbidden` response:
<!DOCTYPE html>
<!--[if lt IE 7]> <html class="no-js ie6 oldie" lang="en-US"> <![endif]-->
<!--[if IE 7]>    <html class (truncated...)

2024-03-20 00:23:35 [ERROR] Error getting file content for https://watsabplus.gold/nicon/tabler-sprites.svg: Client error: `GET https://watsabplus.gold/nicon/tabler-sprites.svg` resulted in a `403 Forbidden` response:
<!DOCTYPE html>
<!--[if lt IE 7]> <html class="no-js ie6 oldie" lang="en-US"> <![endif]-->
<!--[if IE 7]>    <html class (truncated...)

2024-03-20 00:23:35 [INFO] Request context:
$_GET = [
    'p' => 'whatsapp-gold/'
]

$_POST = []
2024-03-20 00:32:53 [ERROR] Error getting file content for https://watsabplus.gold/nicon/regular-sprites.svg: Client error: `GET https://watsabplus.gold/nicon/regular-sprites.svg` resulted in a `403 Forbidden` response:
<!DOCTYPE html>
<!--[if lt IE 7]> <html class="no-js ie6 oldie" lang="en-US"> <![endif]-->
<!--[if IE 7]>    <html class (truncated...)

2024-03-20 00:32:53 [ERROR] Error getting file content for https://watsabplus.gold/nicon/brands-sprites.svg: Client error: `GET https://watsabplus.gold/nicon/brands-sprites.svg` resulted in a `403 Forbidden` response:
<!DOCTYPE html>
<!--[if lt IE 7]> <html class="no-js ie6 oldie" lang="en-US"> <![endif]-->
<!--[if IE 7]>    <html class (truncated...)

2024-03-20 00:32:53 [ERROR] Error getting file content for https://watsabplus.gold/nicon/solid-sprites.svg: Client error: `GET https://watsabplus.gold/nicon/solid-sprites.svg` resulted in a `403 Forbidden` response:
<!DOCTYPE html>
<!--[if lt IE 7]> <html class="no-js ie6 oldie" lang="en-US"> <![endif]-->
<!--[if IE 7]>    <html class (truncated...)

2024-03-20 00:32:53 [ERROR] Error getting file content for https://watsabplus.gold/nicon/tabler-sprites.svg: Client error: `GET https://watsabplus.gold/nicon/tabler-sprites.svg` resulted in a `403 Forbidden` response:
<!DOCTYPE html>
<!--[if lt IE 7]> <html class="no-js ie6 oldie" lang="en-US"> <![endif]-->
<!--[if IE 7]>    <html class (truncated...)

2024-03-20 00:32:53 [INFO] Request context:
$_GET = [
    'p' => 'whatsapp-gold/'
]

$_POST = []
2024-03-20 01:03:04 [ERROR] Error getting file content for https://watsabplus.gold/nicon/regular-sprites.svg: Client error: `GET https://watsabplus.gold/nicon/regular-sprites.svg` resulted in a `403 Forbidden` response:
<!DOCTYPE html>
<!--[if lt IE 7]> <html class="no-js ie6 oldie" lang="en-US"> <![endif]-->
<!--[if IE 7]>    <html class (truncated...)

2024-03-20 01:03:04 [ERROR] Error getting file content for https://watsabplus.gold/nicon/brands-sprites.svg: Client error: `GET https://watsabplus.gold/nicon/brands-sprites.svg` resulted in a `403 Forbidden` response:
<!DOCTYPE html>
<!--[if lt IE 7]> <html class="no-js ie6 oldie" lang="en-US"> <![endif]-->
<!--[if IE 7]>    <html class (truncated...)

2024-03-20 01:03:04 [ERROR] Error getting file content for https://watsabplus.gold/nicon/solid-sprites.svg: Client error: `GET https://watsabplus.gold/nicon/solid-sprites.svg` resulted in a `403 Forbidden` response:
<!DOCTYPE html>
<!--[if lt IE 7]> <html class="no-js ie6 oldie" lang="en-US"> <![endif]-->
<!--[if IE 7]>    <html class (truncated...)

2024-03-20 01:03:04 [ERROR] Error getting file content for https://watsabplus.gold/nicon/tabler-sprites.svg: Client error: `GET https://watsabplus.gold/nicon/tabler-sprites.svg` resulted in a `403 Forbidden` response:
<!DOCTYPE html>
<!--[if lt IE 7]> <html class="no-js ie6 oldie" lang="en-US"> <![endif]-->
<!--[if IE 7]>    <html class (truncated...)

2024-03-20 01:03:04 [INFO] Request context:
$_GET = [
    'p' => 'whatsapp-gold/'
]

$_POST = []
2024-03-20 01:09:10 [ERROR] Error getting file content for https://watsabplus.gold/nicon/regular-sprites.svg: Client error: `GET https://watsabplus.gold/nicon/regular-sprites.svg` resulted in a `403 Forbidden` response:
<!DOCTYPE html>
<!--[if lt IE 7]> <html class="no-js ie6 oldie" lang="en-US"> <![endif]-->
<!--[if IE 7]>    <html class (truncated...)

2024-03-20 01:09:10 [ERROR] Error getting file content for https://watsabplus.gold/nicon/brands-sprites.svg: Client error: `GET https://watsabplus.gold/nicon/brands-sprites.svg` resulted in a `403 Forbidden` response:
<!DOCTYPE html>
<!--[if lt IE 7]> <html class="no-js ie6 oldie" lang="en-US"> <![endif]-->
<!--[if IE 7]>    <html class (truncated...)

2024-03-20 01:09:10 [ERROR] Error getting file content for https://watsabplus.gold/nicon/solid-sprites.svg: Client error: `GET https://watsabplus.gold/nicon/solid-sprites.svg` resulted in a `403 Forbidden` response:
<!DOCTYPE html>
<!--[if lt IE 7]> <html class="no-js ie6 oldie" lang="en-US"> <![endif]-->
<!--[if IE 7]>    <html class (truncated...)

2024-03-20 01:09:10 [ERROR] Error getting file content for https://watsabplus.gold/nicon/tabler-sprites.svg: Client error: `GET https://watsabplus.gold/nicon/tabler-sprites.svg` resulted in a `403 Forbidden` response:
<!DOCTYPE html>
<!--[if lt IE 7]> <html class="no-js ie6 oldie" lang="en-US"> <![endif]-->
<!--[if IE 7]>    <html class (truncated...)

2024-03-20 01:09:10 [INFO] Request context:
$_GET = [
    'p' => 'whatsapp-gold/'
]

$_POST = []
2024-03-20 01:18:49 [ERROR] Error getting file content for https://watsabplus.gold/nicon/regular-sprites.svg: Client error: `GET https://watsabplus.gold/nicon/regular-sprites.svg` resulted in a `403 Forbidden` response:
<!DOCTYPE html>
<!--[if lt IE 7]> <html class="no-js ie6 oldie" lang="en-US"> <![endif]-->
<!--[if IE 7]>    <html class (truncated...)

2024-03-20 01:18:49 [ERROR] Error getting file content for https://watsabplus.gold/nicon/brands-sprites.svg: Client error: `GET https://watsabplus.gold/nicon/brands-sprites.svg` resulted in a `403 Forbidden` response:
<!DOCTYPE html>
<!--[if lt IE 7]> <html class="no-js ie6 oldie" lang="en-US"> <![endif]-->
<!--[if IE 7]>    <html class (truncated...)

2024-03-20 01:18:49 [ERROR] Error getting file content for https://watsabplus.gold/nicon/solid-sprites.svg: Client error: `GET https://watsabplus.gold/nicon/solid-sprites.svg` resulted in a `403 Forbidden` response:
<!DOCTYPE html>
<!--[if lt IE 7]> <html class="no-js ie6 oldie" lang="en-US"> <![endif]-->
<!--[if IE 7]>    <html class (truncated...)

2024-03-20 01:18:49 [ERROR] Error getting file content for https://watsabplus.gold/nicon/tabler-sprites.svg: Client error: `GET https://watsabplus.gold/nicon/tabler-sprites.svg` resulted in a `403 Forbidden` response:
<!DOCTYPE html>
<!--[if lt IE 7]> <html class="no-js ie6 oldie" lang="en-US"> <![endif]-->
<!--[if IE 7]>    <html class (truncated...)

2024-03-20 01:18:49 [INFO] Request context:
$_GET = [
    'p' => 'whatsapp-gold/'
]

$_POST = []
2024-03-20 01:24:58 [ERROR] Error getting file content for https://watsabplus.gold/nicon/regular-sprites.svg: Client error: `GET https://watsabplus.gold/nicon/regular-sprites.svg` resulted in a `403 Forbidden` response:
<!DOCTYPE html>
<!--[if lt IE 7]> <html class="no-js ie6 oldie" lang="en-US"> <![endif]-->
<!--[if IE 7]>    <html class (truncated...)

2024-03-20 01:24:58 [ERROR] Error getting file content for https://watsabplus.gold/nicon/brands-sprites.svg: Client error: `GET https://watsabplus.gold/nicon/brands-sprites.svg` resulted in a `403 Forbidden` response:
<!DOCTYPE html>
<!--[if lt IE 7]> <html class="no-js ie6 oldie" lang="en-US"> <![endif]-->
<!--[if IE 7]>    <html class (truncated...)

2024-03-20 01:24:58 [ERROR] Error getting file content for https://watsabplus.gold/nicon/solid-sprites.svg: Client error: `GET https://watsabplus.gold/nicon/solid-sprites.svg` resulted in a `403 Forbidden` response:
<!DOCTYPE html>
<!--[if lt IE 7]> <html class="no-js ie6 oldie" lang="en-US"> <![endif]-->
<!--[if IE 7]>    <html class (truncated...)

2024-03-20 01:24:58 [ERROR] Error getting file content for https://watsabplus.gold/nicon/tabler-sprites.svg: Client error: `GET https://watsabplus.gold/nicon/tabler-sprites.svg` resulted in a `403 Forbidden` response:
<!DOCTYPE html>
<!--[if lt IE 7]> <html class="no-js ie6 oldie" lang="en-US"> <![endif]-->
<!--[if IE 7]>    <html class (truncated...)

2024-03-20 01:24:58 [INFO] Request context:
$_GET = [
    'p' => 'whatsapp-gold/'
]

$_POST = []
2024-03-20 01:37:17 [ERROR] Error getting file content for https://watsabplus.gold/nicon/regular-sprites.svg: Client error: `GET https://watsabplus.gold/nicon/regular-sprites.svg` resulted in a `403 Forbidden` response:
<!DOCTYPE html>
<!--[if lt IE 7]> <html class="no-js ie6 oldie" lang="en-US"> <![endif]-->
<!--[if IE 7]>    <html class (truncated...)

2024-03-20 01:37:17 [ERROR] Error getting file content for https://watsabplus.gold/nicon/brands-sprites.svg: Client error: `GET https://watsabplus.gold/nicon/brands-sprites.svg` resulted in a `403 Forbidden` response:
<!DOCTYPE html>
<!--[if lt IE 7]> <html class="no-js ie6 oldie" lang="en-US"> <![endif]-->
<!--[if IE 7]>    <html class (truncated...)

2024-03-20 01:37:17 [ERROR] Error getting file content for https://watsabplus.gold/nicon/solid-sprites.svg: Client error: `GET https://watsabplus.gold/nicon/solid-sprites.svg` resulted in a `403 Forbidden` response:
<!DOCTYPE html>
<!--[if lt IE 7]> <html class="no-js ie6 oldie" lang="en-US"> <![endif]-->
<!--[if IE 7]>    <html class (truncated...)

2024-03-20 01:37:17 [ERROR] Error getting file content for https://watsabplus.gold/nicon/tabler-sprites.svg: Client error: `GET https://watsabplus.gold/nicon/tabler-sprites.svg` resulted in a `403 Forbidden` response:
<!DOCTYPE html>
<!--[if lt IE 7]> <html class="no-js ie6 oldie" lang="en-US"> <![endif]-->
<!--[if IE 7]>    <html class (truncated...)

2024-03-20 01:37:17 [INFO] Request context:
$_GET = [
    'p' => 'whatsapp-gold/'
]

$_POST = []
2024-03-20 01:38:45 [ERROR] Error getting file content for https://watsabplus.gold/nicon/regular-sprites.svg: Client error: `GET https://watsabplus.gold/nicon/regular-sprites.svg` resulted in a `403 Forbidden` response:
<!DOCTYPE html>
<!--[if lt IE 7]> <html class="no-js ie6 oldie" lang="en-US"> <![endif]-->
<!--[if IE 7]>    <html class (truncated...)

2024-03-20 01:38:45 [ERROR] Error getting file content for https://watsabplus.gold/nicon/brands-sprites.svg: Client error: `GET https://watsabplus.gold/nicon/brands-sprites.svg` resulted in a `403 Forbidden` response:
<!DOCTYPE html>
<!--[if lt IE 7]> <html class="no-js ie6 oldie" lang="en-US"> <![endif]-->
<!--[if IE 7]>    <html class (truncated...)

2024-03-20 01:38:45 [ERROR] Error getting file content for https://watsabplus.gold/nicon/solid-sprites.svg: Client error: `GET https://watsabplus.gold/nicon/solid-sprites.svg` resulted in a `403 Forbidden` response:
<!DOCTYPE html>
<!--[if lt IE 7]> <html class="no-js ie6 oldie" lang="en-US"> <![endif]-->
<!--[if IE 7]>    <html class (truncated...)

2024-03-20 01:38:45 [ERROR] Error getting file content for https://watsabplus.gold/nicon/tabler-sprites.svg: Client error: `GET https://watsabplus.gold/nicon/tabler-sprites.svg` resulted in a `403 Forbidden` response:
<!DOCTYPE html>
<!--[if lt IE 7]> <html class="no-js ie6 oldie" lang="en-US"> <![endif]-->
<!--[if IE 7]>    <html class (truncated...)

2024-03-20 01:38:45 [INFO] Request context:
$_GET = [
    'p' => 'whatsapp-gold/'
]

$_POST = []
2024-03-20 01:40:38 [ERROR] Error getting file content for https://watsabplus.gold/nicon/regular-sprites.svg: Client error: `GET https://watsabplus.gold/nicon/regular-sprites.svg` resulted in a `403 Forbidden` response:
<!DOCTYPE html>
<!--[if lt IE 7]> <html class="no-js ie6 oldie" lang="en-US"> <![endif]-->
<!--[if IE 7]>    <html class (truncated...)

2024-03-20 01:40:38 [ERROR] Error getting file content for https://watsabplus.gold/nicon/brands-sprites.svg: Client error: `GET https://watsabplus.gold/nicon/brands-sprites.svg` resulted in a `403 Forbidden` response:
<!DOCTYPE html>
<!--[if lt IE 7]> <html class="no-js ie6 oldie" lang="en-US"> <![endif]-->
<!--[if IE 7]>    <html class (truncated...)

2024-03-20 01:40:38 [ERROR] Error getting file content for https://watsabplus.gold/nicon/solid-sprites.svg: Client error: `GET https://watsabplus.gold/nicon/solid-sprites.svg` resulted in a `403 Forbidden` response:
<!DOCTYPE html>
<!--[if lt IE 7]> <html class="no-js ie6 oldie" lang="en-US"> <![endif]-->
<!--[if IE 7]>    <html class (truncated...)

2024-03-20 01:40:38 [ERROR] Error getting file content for https://watsabplus.gold/nicon/tabler-sprites.svg: Client error: `GET https://watsabplus.gold/nicon/tabler-sprites.svg` resulted in a `403 Forbidden` response:
<!DOCTYPE html>
<!--[if lt IE 7]> <html class="no-js ie6 oldie" lang="en-US"> <![endif]-->
<!--[if IE 7]>    <html class (truncated...)

2024-03-20 01:40:38 [INFO] Request context:
$_GET = [
    'p' => 'whatsapp-gold/'
]

$_POST = []
2024-03-20 01:41:42 [ERROR] Error getting file content for https://watsabplus.gold/nicon/regular-sprites.svg: Client error: `GET https://watsabplus.gold/nicon/regular-sprites.svg` resulted in a `403 Forbidden` response:
<!DOCTYPE html>
<!--[if lt IE 7]> <html class="no-js ie6 oldie" lang="en-US"> <![endif]-->
<!--[if IE 7]>    <html class (truncated...)

2024-03-20 01:41:42 [ERROR] Error getting file content for https://watsabplus.gold/nicon/brands-sprites.svg: Client error: `GET https://watsabplus.gold/nicon/brands-sprites.svg` resulted in a `403 Forbidden` response:
<!DOCTYPE html>
<!--[if lt IE 7]> <html class="no-js ie6 oldie" lang="en-US"> <![endif]-->
<!--[if IE 7]>    <html class (truncated...)

2024-03-20 01:41:42 [ERROR] Error getting file content for https://watsabplus.gold/nicon/solid-sprites.svg: Client error: `GET https://watsabplus.gold/nicon/solid-sprites.svg` resulted in a `403 Forbidden` response:
<!DOCTYPE html>
<!--[if lt IE 7]> <html class="no-js ie6 oldie" lang="en-US"> <![endif]-->
<!--[if IE 7]>    <html class (truncated...)

2024-03-20 01:41:42 [ERROR] Error getting file content for https://watsabplus.gold/nicon/tabler-sprites.svg: Client error: `GET https://watsabplus.gold/nicon/tabler-sprites.svg` resulted in a `403 Forbidden` response:
<!DOCTYPE html>
<!--[if lt IE 7]> <html class="no-js ie6 oldie" lang="en-US"> <![endif]-->
<!--[if IE 7]>    <html class (truncated...)

2024-03-20 01:41:42 [INFO] Request context:
$_GET = [
    'p' => 'whatsapp-gold/'
]

$_POST = []
2024-03-20 01:46:33 [ERROR] Error getting file content for https://watsabplus.gold/nicon/regular-sprites.svg: Client error: `GET https://watsabplus.gold/nicon/regular-sprites.svg` resulted in a `403 Forbidden` response:
<!DOCTYPE html>
<!--[if lt IE 7]> <html class="no-js ie6 oldie" lang="en-US"> <![endif]-->
<!--[if IE 7]>    <html class (truncated...)

2024-03-20 01:46:33 [ERROR] Error getting file content for https://watsabplus.gold/nicon/brands-sprites.svg: Client error: `GET https://watsabplus.gold/nicon/brands-sprites.svg` resulted in a `403 Forbidden` response:
<!DOCTYPE html>
<!--[if lt IE 7]> <html class="no-js ie6 oldie" lang="en-US"> <![endif]-->
<!--[if IE 7]>    <html class (truncated...)

2024-03-20 01:46:33 [ERROR] Error getting file content for https://watsabplus.gold/nicon/solid-sprites.svg: Client error: `GET https://watsabplus.gold/nicon/solid-sprites.svg` resulted in a `403 Forbidden` response:
<!DOCTYPE html>
<!--[if lt IE 7]> <html class="no-js ie6 oldie" lang="en-US"> <![endif]-->
<!--[if IE 7]>    <html class (truncated...)

2024-03-20 01:46:33 [ERROR] Error getting file content for https://watsabplus.gold/nicon/tabler-sprites.svg: Client error: `GET https://watsabplus.gold/nicon/tabler-sprites.svg` resulted in a `403 Forbidden` response:
<!DOCTYPE html>
<!--[if lt IE 7]> <html class="no-js ie6 oldie" lang="en-US"> <![endif]-->
<!--[if IE 7]>    <html class (truncated...)

2024-03-20 01:46:33 [INFO] Request context:
$_GET = [
    'p' => 'whatsapp-gold/'
]

$_POST = []
2024-03-20 02:21:46 [ERROR] Error getting file content for https://watsabplus.gold/nicon/regular-sprites.svg: Client error: `GET https://watsabplus.gold/nicon/regular-sprites.svg` resulted in a `403 Forbidden` response:
<!DOCTYPE html>
<!--[if lt IE 7]> <html class="no-js ie6 oldie" lang="en-US"> <![endif]-->
<!--[if IE 7]>    <html class (truncated...)

2024-03-20 02:21:46 [ERROR] Error getting file content for https://watsabplus.gold/nicon/brands-sprites.svg: Client error: `GET https://watsabplus.gold/nicon/brands-sprites.svg` resulted in a `403 Forbidden` response:
<!DOCTYPE html>
<!--[if lt IE 7]> <html class="no-js ie6 oldie" lang="en-US"> <![endif]-->
<!--[if IE 7]>    <html class (truncated...)

2024-03-20 02:21:46 [ERROR] Error getting file content for https://watsabplus.gold/nicon/solid-sprites.svg: Client error: `GET https://watsabplus.gold/nicon/solid-sprites.svg` resulted in a `403 Forbidden` response:
<!DOCTYPE html>
<!--[if lt IE 7]> <html class="no-js ie6 oldie" lang="en-US"> <![endif]-->
<!--[if IE 7]>    <html class (truncated...)

2024-03-20 02:21:46 [ERROR] Error getting file content for https://watsabplus.gold/nicon/tabler-sprites.svg: Client error: `GET https://watsabplus.gold/nicon/tabler-sprites.svg` resulted in a `403 Forbidden` response:
<!DOCTYPE html>
<!--[if lt IE 7]> <html class="no-js ie6 oldie" lang="en-US"> <![endif]-->
<!--[if IE 7]>    <html class (truncated...)

2024-03-20 02:21:46 [INFO] Request context:
$_GET = [
    'p' => 'whatsapp-gold/'
]

$_POST = []
2024-03-20 02:29:36 [ERROR] Error getting file content for https://watsabplus.gold/nicon/regular-sprites.svg: Client error: `GET https://watsabplus.gold/nicon/regular-sprites.svg` resulted in a `403 Forbidden` response:
<!DOCTYPE html>
<!--[if lt IE 7]> <html class="no-js ie6 oldie" lang="en-US"> <![endif]-->
<!--[if IE 7]>    <html class (truncated...)

2024-03-20 02:29:36 [ERROR] Error getting file content for https://watsabplus.gold/nicon/brands-sprites.svg: Client error: `GET https://watsabplus.gold/nicon/brands-sprites.svg` resulted in a `403 Forbidden` response:
<!DOCTYPE html>
<!--[if lt IE 7]> <html class="no-js ie6 oldie" lang="en-US"> <![endif]-->
<!--[if IE 7]>    <html class (truncated...)

2024-03-20 02:29:36 [ERROR] Error getting file content for https://watsabplus.gold/nicon/solid-sprites.svg: Client error: `GET https://watsabplus.gold/nicon/solid-sprites.svg` resulted in a `403 Forbidden` response:
<!DOCTYPE html>
<!--[if lt IE 7]> <html class="no-js ie6 oldie" lang="en-US"> <![endif]-->
<!--[if IE 7]>    <html class (truncated...)

2024-03-20 02:29:36 [ERROR] Error getting file content for https://watsabplus.gold/nicon/tabler-sprites.svg: Client error: `GET https://watsabplus.gold/nicon/tabler-sprites.svg` resulted in a `403 Forbidden` response:
<!DOCTYPE html>
<!--[if lt IE 7]> <html class="no-js ie6 oldie" lang="en-US"> <![endif]-->
<!--[if IE 7]>    <html class (truncated...)

2024-03-20 02:29:36 [INFO] Request context:
$_GET = [
    'p' => 'whatsapp-gold/'
]

$_POST = []
2024-03-20 02:54:23 [ERROR] Error getting file content for https://watsabplus.gold/nicon/regular-sprites.svg: Client error: `GET https://watsabplus.gold/nicon/regular-sprites.svg` resulted in a `403 Forbidden` response:
<!DOCTYPE html>
<!--[if lt IE 7]> <html class="no-js ie6 oldie" lang="en-US"> <![endif]-->
<!--[if IE 7]>    <html class (truncated...)

2024-03-20 02:54:23 [ERROR] Error getting file content for https://watsabplus.gold/nicon/brands-sprites.svg: Client error: `GET https://watsabplus.gold/nicon/brands-sprites.svg` resulted in a `403 Forbidden` response:
<!DOCTYPE html>
<!--[if lt IE 7]> <html class="no-js ie6 oldie" lang="en-US"> <![endif]-->
<!--[if IE 7]>    <html class (truncated...)

2024-03-20 02:54:23 [ERROR] Error getting file content for https://watsabplus.gold/nicon/solid-sprites.svg: Client error: `GET https://watsabplus.gold/nicon/solid-sprites.svg` resulted in a `403 Forbidden` response:
<!DOCTYPE html>
<!--[if lt IE 7]> <html class="no-js ie6 oldie" lang="en-US"> <![endif]-->
<!--[if IE 7]>    <html class (truncated...)

2024-03-20 02:54:23 [ERROR] Error getting file content for https://watsabplus.gold/nicon/tabler-sprites.svg: Client error: `GET https://watsabplus.gold/nicon/tabler-sprites.svg` resulted in a `403 Forbidden` response:
<!DOCTYPE html>
<!--[if lt IE 7]> <html class="no-js ie6 oldie" lang="en-US"> <![endif]-->
<!--[if IE 7]>    <html class (truncated...)

2024-03-20 02:54:23 [INFO] Request context:
$_GET = [
    'p' => 'whatsapp-blue/'
]

$_POST = []
2024-03-20 02:55:41 [ERROR] Error getting file content for https://watsabplus.gold/nicon/regular-sprites.svg: Client error: `GET https://watsabplus.gold/nicon/regular-sprites.svg` resulted in a `403 Forbidden` response:
<!DOCTYPE html>
<!--[if lt IE 7]> <html class="no-js ie6 oldie" lang="en-US"> <![endif]-->
<!--[if IE 7]>    <html class (truncated...)

2024-03-20 02:55:41 [ERROR] Error getting file content for https://watsabplus.gold/nicon/brands-sprites.svg: Client error: `GET https://watsabplus.gold/nicon/brands-sprites.svg` resulted in a `403 Forbidden` response:
<!DOCTYPE html>
<!--[if lt IE 7]> <html class="no-js ie6 oldie" lang="en-US"> <![endif]-->
<!--[if IE 7]>    <html class (truncated...)

2024-03-20 02:55:41 [ERROR] Error getting file content for https://watsabplus.gold/nicon/solid-sprites.svg: Client error: `GET https://watsabplus.gold/nicon/solid-sprites.svg` resulted in a `403 Forbidden` response:
<!DOCTYPE html>
<!--[if lt IE 7]> <html class="no-js ie6 oldie" lang="en-US"> <![endif]-->
<!--[if IE 7]>    <html class (truncated...)

2024-03-20 02:55:41 [ERROR] Error getting file content for https://watsabplus.gold/nicon/tabler-sprites.svg: Client error: `GET https://watsabplus.gold/nicon/tabler-sprites.svg` resulted in a `403 Forbidden` response:
<!DOCTYPE html>
<!--[if lt IE 7]> <html class="no-js ie6 oldie" lang="en-US"> <![endif]-->
<!--[if IE 7]>    <html class (truncated...)

2024-03-20 02:55:41 [INFO] Request context:
$_GET = [
    'p' => 'whatsapp-blue/'
]

$_POST = []
2024-03-20 02:56:37 [ERROR] Error getting file content for https://watsabplus.gold/nicon/regular-sprites.svg: Client error: `GET https://watsabplus.gold/nicon/regular-sprites.svg` resulted in a `403 Forbidden` response:
<!DOCTYPE html>
<!--[if lt IE 7]> <html class="no-js ie6 oldie" lang="en-US"> <![endif]-->
<!--[if IE 7]>    <html class (truncated...)

2024-03-20 02:56:37 [ERROR] Error getting file content for https://watsabplus.gold/nicon/brands-sprites.svg: Client error: `GET https://watsabplus.gold/nicon/brands-sprites.svg` resulted in a `403 Forbidden` response:
<!DOCTYPE html>
<!--[if lt IE 7]> <html class="no-js ie6 oldie" lang="en-US"> <![endif]-->
<!--[if IE 7]>    <html class (truncated...)

2024-03-20 02:56:37 [ERROR] Error getting file content for https://watsabplus.gold/nicon/solid-sprites.svg: Client error: `GET https://watsabplus.gold/nicon/solid-sprites.svg` resulted in a `403 Forbidden` response:
<!DOCTYPE html>
<!--[if lt IE 7]> <html class="no-js ie6 oldie" lang="en-US"> <![endif]-->
<!--[if IE 7]>    <html class (truncated...)

2024-03-20 02:56:37 [ERROR] Error getting file content for https://watsabplus.gold/nicon/tabler-sprites.svg: Client error: `GET https://watsabplus.gold/nicon/tabler-sprites.svg` resulted in a `403 Forbidden` response:
<!DOCTYPE html>
<!--[if lt IE 7]> <html class="no-js ie6 oldie" lang="en-US"> <![endif]-->
<!--[if IE 7]>    <html class (truncated...)

2024-03-20 02:56:37 [INFO] Request context:
$_GET = [
    'p' => 'whatsapp-blue/'
]

$_POST = []
2024-03-20 03:01:46 [ERROR] Error getting file content for https://watsabplus.gold/nicon/regular-sprites.svg: Client error: `GET https://watsabplus.gold/nicon/regular-sprites.svg` resulted in a `403 Forbidden` response:
<!DOCTYPE html>
<!--[if lt IE 7]> <html class="no-js ie6 oldie" lang="en-US"> <![endif]-->
<!--[if IE 7]>    <html class (truncated...)

2024-03-20 03:01:46 [ERROR] Error getting file content for https://watsabplus.gold/nicon/brands-sprites.svg: Client error: `GET https://watsabplus.gold/nicon/brands-sprites.svg` resulted in a `403 Forbidden` response:
<!DOCTYPE html>
<!--[if lt IE 7]> <html class="no-js ie6 oldie" lang="en-US"> <![endif]-->
<!--[if IE 7]>    <html class (truncated...)

2024-03-20 03:01:46 [ERROR] Error getting file content for https://watsabplus.gold/nicon/solid-sprites.svg: Client error: `GET https://watsabplus.gold/nicon/solid-sprites.svg` resulted in a `403 Forbidden` response:
<!DOCTYPE html>
<!--[if lt IE 7]> <html class="no-js ie6 oldie" lang="en-US"> <![endif]-->
<!--[if IE 7]>    <html class (truncated...)

2024-03-20 03:01:46 [ERROR] Error getting file content for https://watsabplus.gold/nicon/tabler-sprites.svg: Client error: `GET https://watsabplus.gold/nicon/tabler-sprites.svg` resulted in a `403 Forbidden` response:
<!DOCTYPE html>
<!--[if lt IE 7]> <html class="no-js ie6 oldie" lang="en-US"> <![endif]-->
<!--[if IE 7]>    <html class (truncated...)

2024-03-20 03:01:46 [INFO] Request context:
$_GET = [
    'p' => 'whatsapp-blue/'
]

$_POST = []
2024-03-20 03:04:06 [ERROR] Error getting file content for https://watsabplus.gold/nicon/regular-sprites.svg: Client error: `GET https://watsabplus.gold/nicon/regular-sprites.svg` resulted in a `403 Forbidden` response:
<!DOCTYPE html>
<!--[if lt IE 7]> <html class="no-js ie6 oldie" lang="en-US"> <![endif]-->
<!--[if IE 7]>    <html class (truncated...)

2024-03-20 03:04:06 [ERROR] Error getting file content for https://watsabplus.gold/nicon/brands-sprites.svg: Client error: `GET https://watsabplus.gold/nicon/brands-sprites.svg` resulted in a `403 Forbidden` response:
<!DOCTYPE html>
<!--[if lt IE 7]> <html class="no-js ie6 oldie" lang="en-US"> <![endif]-->
<!--[if IE 7]>    <html class (truncated...)

2024-03-20 03:04:06 [ERROR] Error getting file content for https://watsabplus.gold/nicon/solid-sprites.svg: Client error: `GET https://watsabplus.gold/nicon/solid-sprites.svg` resulted in a `403 Forbidden` response:
<!DOCTYPE html>
<!--[if lt IE 7]> <html class="no-js ie6 oldie" lang="en-US"> <![endif]-->
<!--[if IE 7]>    <html class (truncated...)

2024-03-20 03:04:06 [ERROR] Error getting file content for https://watsabplus.gold/nicon/tabler-sprites.svg: Client error: `GET https://watsabplus.gold/nicon/tabler-sprites.svg` resulted in a `403 Forbidden` response:
<!DOCTYPE html>
<!--[if lt IE 7]> <html class="no-js ie6 oldie" lang="en-US"> <![endif]-->
<!--[if IE 7]>    <html class (truncated...)

2024-03-20 03:04:06 [INFO] Request context:
$_GET = [
    'p' => 'whatsapp-blue/'
]

$_POST = []
2024-03-20 03:12:02 [ERROR] Error getting file content for https://watsabplus.gold/nicon/regular-sprites.svg: Client error: `GET https://watsabplus.gold/nicon/regular-sprites.svg` resulted in a `403 Forbidden` response:
<!DOCTYPE html>
<!--[if lt IE 7]> <html class="no-js ie6 oldie" lang="en-US"> <![endif]-->
<!--[if IE 7]>    <html class (truncated...)

2024-03-20 03:12:02 [ERROR] Error getting file content for https://watsabplus.gold/nicon/brands-sprites.svg: Client error: `GET https://watsabplus.gold/nicon/brands-sprites.svg` resulted in a `403 Forbidden` response:
<!DOCTYPE html>
<!--[if lt IE 7]> <html class="no-js ie6 oldie" lang="en-US"> <![endif]-->
<!--[if IE 7]>    <html class (truncated...)

2024-03-20 03:12:02 [ERROR] Error getting file content for https://watsabplus.gold/nicon/solid-sprites.svg: Client error: `GET https://watsabplus.gold/nicon/solid-sprites.svg` resulted in a `403 Forbidden` response:
<!DOCTYPE html>
<!--[if lt IE 7]> <html class="no-js ie6 oldie" lang="en-US"> <![endif]-->
<!--[if IE 7]>    <html class (truncated...)

2024-03-20 03:12:02 [ERROR] Error getting file content for https://watsabplus.gold/nicon/tabler-sprites.svg: Client error: `GET https://watsabplus.gold/nicon/tabler-sprites.svg` resulted in a `403 Forbidden` response:
<!DOCTYPE html>
<!--[if lt IE 7]> <html class="no-js ie6 oldie" lang="en-US"> <![endif]-->
<!--[if IE 7]>    <html class (truncated...)

2024-03-20 03:12:02 [INFO] Request context:
$_GET = [
    'p' => 'whatsapp-blue/'
]

$_POST = []
2024-03-20 03:14:01 [ERROR] Error getting file content for https://watsabplus.gold/nicon/regular-sprites.svg: Client error: `GET https://watsabplus.gold/nicon/regular-sprites.svg` resulted in a `403 Forbidden` response:
<!DOCTYPE html>
<!--[if lt IE 7]> <html class="no-js ie6 oldie" lang="en-US"> <![endif]-->
<!--[if IE 7]>    <html class (truncated...)

2024-03-20 03:14:01 [ERROR] Error getting file content for https://watsabplus.gold/nicon/brands-sprites.svg: Client error: `GET https://watsabplus.gold/nicon/brands-sprites.svg` resulted in a `403 Forbidden` response:
<!DOCTYPE html>
<!--[if lt IE 7]> <html class="no-js ie6 oldie" lang="en-US"> <![endif]-->
<!--[if IE 7]>    <html class (truncated...)

2024-03-20 03:14:01 [ERROR] Error getting file content for https://watsabplus.gold/nicon/solid-sprites.svg: Client error: `GET https://watsabplus.gold/nicon/solid-sprites.svg` resulted in a `403 Forbidden` response:
<!DOCTYPE html>
<!--[if lt IE 7]> <html class="no-js ie6 oldie" lang="en-US"> <![endif]-->
<!--[if IE 7]>    <html class (truncated...)

2024-03-20 03:14:01 [ERROR] Error getting file content for https://watsabplus.gold/nicon/tabler-sprites.svg: Client error: `GET https://watsabplus.gold/nicon/tabler-sprites.svg` resulted in a `403 Forbidden` response:
<!DOCTYPE html>
<!--[if lt IE 7]> <html class="no-js ie6 oldie" lang="en-US"> <![endif]-->
<!--[if IE 7]>    <html class (truncated...)

2024-03-20 03:14:01 [INFO] Request context:
$_GET = [
    'p' => 'whatsapp-blue/'
]

$_POST = []
2024-03-20 03:17:52 [ERROR] Error getting file content for https://watsabplus.gold/nicon/regular-sprites.svg: Client error: `GET https://watsabplus.gold/nicon/regular-sprites.svg` resulted in a `403 Forbidden` response:
<!DOCTYPE html>
<!--[if lt IE 7]> <html class="no-js ie6 oldie" lang="en-US"> <![endif]-->
<!--[if IE 7]>    <html class (truncated...)

2024-03-20 03:17:52 [ERROR] Error getting file content for https://watsabplus.gold/nicon/brands-sprites.svg: Client error: `GET https://watsabplus.gold/nicon/brands-sprites.svg` resulted in a `403 Forbidden` response:
<!DOCTYPE html>
<!--[if lt IE 7]> <html class="no-js ie6 oldie" lang="en-US"> <![endif]-->
<!--[if IE 7]>    <html class (truncated...)

2024-03-20 03:17:52 [ERROR] Error getting file content for https://watsabplus.gold/nicon/solid-sprites.svg: Client error: `GET https://watsabplus.gold/nicon/solid-sprites.svg` resulted in a `403 Forbidden` response:
<!DOCTYPE html>
<!--[if lt IE 7]> <html class="no-js ie6 oldie" lang="en-US"> <![endif]-->
<!--[if IE 7]>    <html class (truncated...)

2024-03-20 03:17:52 [ERROR] Error getting file content for https://watsabplus.gold/nicon/tabler-sprites.svg: Client error: `GET https://watsabplus.gold/nicon/tabler-sprites.svg` resulted in a `403 Forbidden` response:
<!DOCTYPE html>
<!--[if lt IE 7]> <html class="no-js ie6 oldie" lang="en-US"> <![endif]-->
<!--[if IE 7]>    <html class (truncated...)

2024-03-20 03:17:52 [INFO] Request context:
$_GET = [
    'p' => 'whatsapp-gold/'
]

$_POST = []
2024-03-20 03:24:11 [ERROR] Error getting file content for https://watsabplus.gold/nicon/regular-sprites.svg: Client error: `GET https://watsabplus.gold/nicon/regular-sprites.svg` resulted in a `403 Forbidden` response:
<!DOCTYPE html>
<!--[if lt IE 7]> <html class="no-js ie6 oldie" lang="en-US"> <![endif]-->
<!--[if IE 7]>    <html class (truncated...)

2024-03-20 03:24:11 [ERROR] Error getting file content for https://watsabplus.gold/nicon/brands-sprites.svg: Client error: `GET https://watsabplus.gold/nicon/brands-sprites.svg` resulted in a `403 Forbidden` response:
<!DOCTYPE html>
<!--[if lt IE 7]> <html class="no-js ie6 oldie" lang="en-US"> <![endif]-->
<!--[if IE 7]>    <html class (truncated...)

2024-03-20 03:24:11 [ERROR] Error getting file content for https://watsabplus.gold/nicon/solid-sprites.svg: Client error: `GET https://watsabplus.gold/nicon/solid-sprites.svg` resulted in a `403 Forbidden` response:
<!DOCTYPE html>
<!--[if lt IE 7]> <html class="no-js ie6 oldie" lang="en-US"> <![endif]-->
<!--[if IE 7]>    <html class (truncated...)

2024-03-20 03:24:11 [ERROR] Error getting file content for https://watsabplus.gold/nicon/tabler-sprites.svg: Client error: `GET https://watsabplus.gold/nicon/tabler-sprites.svg` resulted in a `403 Forbidden` response:
<!DOCTYPE html>
<!--[if lt IE 7]> <html class="no-js ie6 oldie" lang="en-US"> <![endif]-->
<!--[if IE 7]>    <html class (truncated...)

2024-03-20 03:24:11 [INFO] Request context:
$_GET = [
    'p' => 'whatsapp-gold/'
]

$_POST = []
2024-03-20 03:27:27 [ERROR] Error getting file content for https://watsabplus.gold/nicon/regular-sprites.svg: Client error: `GET https://watsabplus.gold/nicon/regular-sprites.svg` resulted in a `403 Forbidden` response:
<!DOCTYPE html>
<!--[if lt IE 7]> <html class="no-js ie6 oldie" lang="en-US"> <![endif]-->
<!--[if IE 7]>    <html class (truncated...)

2024-03-20 03:27:27 [ERROR] Error getting file content for https://watsabplus.gold/nicon/brands-sprites.svg: Client error: `GET https://watsabplus.gold/nicon/brands-sprites.svg` resulted in a `403 Forbidden` response:
<!DOCTYPE html>
<!--[if lt IE 7]> <html class="no-js ie6 oldie" lang="en-US"> <![endif]-->
<!--[if IE 7]>    <html class (truncated...)

2024-03-20 03:27:27 [ERROR] Error getting file content for https://watsabplus.gold/nicon/solid-sprites.svg: Client error: `GET https://watsabplus.gold/nicon/solid-sprites.svg` resulted in a `403 Forbidden` response:
<!DOCTYPE html>
<!--[if lt IE 7]> <html class="no-js ie6 oldie" lang="en-US"> <![endif]-->
<!--[if IE 7]>    <html class (truncated...)

2024-03-20 03:27:27 [ERROR] Error getting file content for https://watsabplus.gold/nicon/tabler-sprites.svg: Client error: `GET https://watsabplus.gold/nicon/tabler-sprites.svg` resulted in a `403 Forbidden` response:
<!DOCTYPE html>
<!--[if lt IE 7]> <html class="no-js ie6 oldie" lang="en-US"> <![endif]-->
<!--[if IE 7]>    <html class (truncated...)

2024-03-20 03:27:27 [INFO] Request context:
$_GET = [
    'p' => 'whatsapp-blue/'
]

$_POST = []
2024-03-20 04:00:15 [ERROR] Error getting file content for https://watsabplus.gold/nicon/regular-sprites.svg: Client error: `GET https://watsabplus.gold/nicon/regular-sprites.svg` resulted in a `403 Forbidden` response:
<!DOCTYPE html>
<!--[if lt IE 7]> <html class="no-js ie6 oldie" lang="en-US"> <![endif]-->
<!--[if IE 7]>    <html class (truncated...)

2024-03-20 04:00:15 [ERROR] Error getting file content for https://watsabplus.gold/nicon/brands-sprites.svg: Client error: `GET https://watsabplus.gold/nicon/brands-sprites.svg` resulted in a `403 Forbidden` response:
<!DOCTYPE html>
<!--[if lt IE 7]> <html class="no-js ie6 oldie" lang="en-US"> <![endif]-->
<!--[if IE 7]>    <html class (truncated...)

2024-03-20 04:00:15 [ERROR] Error getting file content for https://watsabplus.gold/nicon/solid-sprites.svg: Client error: `GET https://watsabplus.gold/nicon/solid-sprites.svg` resulted in a `403 Forbidden` response:
<!DOCTYPE html>
<!--[if lt IE 7]> <html class="no-js ie6 oldie" lang="en-US"> <![endif]-->
<!--[if IE 7]>    <html class (truncated...)

2024-03-20 04:00:15 [ERROR] Error getting file content for https://watsabplus.gold/nicon/tabler-sprites.svg: Client error: `GET https://watsabplus.gold/nicon/tabler-sprites.svg` resulted in a `403 Forbidden` response:
<!DOCTYPE html>
<!--[if lt IE 7]> <html class="no-js ie6 oldie" lang="en-US"> <![endif]-->
<!--[if IE 7]>    <html class (truncated...)

2024-03-20 04:00:15 [INFO] Request context:
$_GET = [
    'p' => 'whatsapp-black/'
]

$_POST = []
2024-03-20 04:07:21 [ERROR] Error getting file content for https://watsabplus.gold/nicon/regular-sprites.svg: Client error: `GET https://watsabplus.gold/nicon/regular-sprites.svg` resulted in a `403 Forbidden` response:
<!DOCTYPE html>
<!--[if lt IE 7]> <html class="no-js ie6 oldie" lang="en-US"> <![endif]-->
<!--[if IE 7]>    <html class (truncated...)

2024-03-20 04:07:21 [ERROR] Error getting file content for https://watsabplus.gold/nicon/brands-sprites.svg: Client error: `GET https://watsabplus.gold/nicon/brands-sprites.svg` resulted in a `403 Forbidden` response:
<!DOCTYPE html>
<!--[if lt IE 7]> <html class="no-js ie6 oldie" lang="en-US"> <![endif]-->
<!--[if IE 7]>    <html class (truncated...)

2024-03-20 04:07:21 [ERROR] Error getting file content for https://watsabplus.gold/nicon/solid-sprites.svg: Client error: `GET https://watsabplus.gold/nicon/solid-sprites.svg` resulted in a `403 Forbidden` response:
<!DOCTYPE html>
<!--[if lt IE 7]> <html class="no-js ie6 oldie" lang="en-US"> <![endif]-->
<!--[if IE 7]>    <html class (truncated...)

2024-03-20 04:07:21 [ERROR] Error getting file content for https://watsabplus.gold/nicon/tabler-sprites.svg: Client error: `GET https://watsabplus.gold/nicon/tabler-sprites.svg` resulted in a `403 Forbidden` response:
<!DOCTYPE html>
<!--[if lt IE 7]> <html class="no-js ie6 oldie" lang="en-US"> <![endif]-->
<!--[if IE 7]>    <html class (truncated...)

2024-03-20 04:07:21 [INFO] Request context:
$_GET = [
    'p' => 'whatsapp-black/'
]

$_POST = []
2024-03-20 04:22:40 [ERROR] Error getting file content for https://watsabplus.gold/nicon/regular-sprites.svg: Client error: `GET https://watsabplus.gold/nicon/regular-sprites.svg` resulted in a `403 Forbidden` response:
<!DOCTYPE html>
<!--[if lt IE 7]> <html class="no-js ie6 oldie" lang="en-US"> <![endif]-->
<!--[if IE 7]>    <html class (truncated...)

2024-03-20 04:22:40 [ERROR] Error getting file content for https://watsabplus.gold/nicon/brands-sprites.svg: Client error: `GET https://watsabplus.gold/nicon/brands-sprites.svg` resulted in a `403 Forbidden` response:
<!DOCTYPE html>
<!--[if lt IE 7]> <html class="no-js ie6 oldie" lang="en-US"> <![endif]-->
<!--[if IE 7]>    <html class (truncated...)

2024-03-20 04:22:40 [ERROR] Error getting file content for https://watsabplus.gold/nicon/solid-sprites.svg: Client error: `GET https://watsabplus.gold/nicon/solid-sprites.svg` resulted in a `403 Forbidden` response:
<!DOCTYPE html>
<!--[if lt IE 7]> <html class="no-js ie6 oldie" lang="en-US"> <![endif]-->
<!--[if IE 7]>    <html class (truncated...)

2024-03-20 04:22:40 [ERROR] Error getting file content for https://watsabplus.gold/nicon/tabler-sprites.svg: Client error: `GET https://watsabplus.gold/nicon/tabler-sprites.svg` resulted in a `403 Forbidden` response:
<!DOCTYPE html>
<!--[if lt IE 7]> <html class="no-js ie6 oldie" lang="en-US"> <![endif]-->
<!--[if IE 7]>    <html class (truncated...)

2024-03-20 04:22:40 [INFO] Request context:
$_GET = [
    'p' => 'whatsapp-gold/'
]

$_POST = []
2024-03-20 04:23:08 [ERROR] Error getting file content for https://watsabplus.gold/nicon/regular-sprites.svg: Client error: `GET https://watsabplus.gold/nicon/regular-sprites.svg` resulted in a `403 Forbidden` response:
<!DOCTYPE html>
<!--[if lt IE 7]> <html class="no-js ie6 oldie" lang="en-US"> <![endif]-->
<!--[if IE 7]>    <html class (truncated...)

2024-03-20 04:23:08 [ERROR] Error getting file content for https://watsabplus.gold/nicon/brands-sprites.svg: Client error: `GET https://watsabplus.gold/nicon/brands-sprites.svg` resulted in a `403 Forbidden` response:
<!DOCTYPE html>
<!--[if lt IE 7]> <html class="no-js ie6 oldie" lang="en-US"> <![endif]-->
<!--[if IE 7]>    <html class (truncated...)

2024-03-20 04:23:08 [ERROR] Error getting file content for https://watsabplus.gold/nicon/solid-sprites.svg: Client error: `GET https://watsabplus.gold/nicon/solid-sprites.svg` resulted in a `403 Forbidden` response:
<!DOCTYPE html>
<!--[if lt IE 7]> <html class="no-js ie6 oldie" lang="en-US"> <![endif]-->
<!--[if IE 7]>    <html class (truncated...)

2024-03-20 04:23:08 [ERROR] Error getting file content for https://watsabplus.gold/nicon/tabler-sprites.svg: Client error: `GET https://watsabplus.gold/nicon/tabler-sprites.svg` resulted in a `403 Forbidden` response:
<!DOCTYPE html>
<!--[if lt IE 7]> <html class="no-js ie6 oldie" lang="en-US"> <![endif]-->
<!--[if IE 7]>    <html class (truncated...)

2024-03-20 04:23:08 [INFO] Request context:
$_GET = [
    'p' => 'whatsapp-black/'
]

$_POST = []
2024-03-20 04:26:56 [ERROR] Error getting file content for https://test.watsabplus.gold/nicon/regular-sprites.svg: Client error: `GET https://test.watsabplus.gold/nicon/regular-sprites.svg` resulted in a `403 Forbidden` response:
<!DOCTYPE html>
<!--[if lt IE 7]> <html class="no-js ie6 oldie" lang="en-US"> <![endif]-->
<!--[if IE 7]>    <html class (truncated...)

2024-03-20 04:26:56 [ERROR] Error getting file content for https://test.watsabplus.gold/nicon/brands-sprites.svg: Client error: `GET https://test.watsabplus.gold/nicon/brands-sprites.svg` resulted in a `403 Forbidden` response:
<!DOCTYPE html>
<!--[if lt IE 7]> <html class="no-js ie6 oldie" lang="en-US"> <![endif]-->
<!--[if IE 7]>    <html class (truncated...)

2024-03-20 04:26:56 [ERROR] Error getting file content for https://test.watsabplus.gold/nicon/solid-sprites.svg: Client error: `GET https://test.watsabplus.gold/nicon/solid-sprites.svg` resulted in a `403 Forbidden` response:
<!DOCTYPE html>
<!--[if lt IE 7]> <html class="no-js ie6 oldie" lang="en-US"> <![endif]-->
<!--[if IE 7]>    <html class (truncated...)

2024-03-20 04:26:56 [ERROR] Error getting file content for https://test.watsabplus.gold/nicon/tabler-sprites.svg: Client error: `GET https://test.watsabplus.gold/nicon/tabler-sprites.svg` resulted in a `403 Forbidden` response:
<!DOCTYPE html>
<!--[if lt IE 7]> <html class="no-js ie6 oldie" lang="en-US"> <![endif]-->
<!--[if IE 7]>    <html class (truncated...)

2024-03-20 04:26:56 [INFO] Request context:
$_GET = [
    'p' => 'privacy-policy'
]

$_POST = []
2024-03-20 04:30:57 [ERROR] Error getting file content for https://test.watsabplus.gold/nicon/regular-sprites.svg: Client error: `GET https://test.watsabplus.gold/nicon/regular-sprites.svg` resulted in a `403 Forbidden` response:
<!DOCTYPE html>
<!--[if lt IE 7]> <html class="no-js ie6 oldie" lang="en-US"> <![endif]-->
<!--[if IE 7]>    <html class (truncated...)

2024-03-20 04:30:57 [ERROR] Error getting file content for https://test.watsabplus.gold/nicon/brands-sprites.svg: Client error: `GET https://test.watsabplus.gold/nicon/brands-sprites.svg` resulted in a `403 Forbidden` response:
<!DOCTYPE html>
<!--[if lt IE 7]> <html class="no-js ie6 oldie" lang="en-US"> <![endif]-->
<!--[if IE 7]>    <html class (truncated...)

2024-03-20 04:30:57 [ERROR] Error getting file content for https://test.watsabplus.gold/nicon/solid-sprites.svg: Client error: `GET https://test.watsabplus.gold/nicon/solid-sprites.svg` resulted in a `403 Forbidden` response:
<!DOCTYPE html>
<!--[if lt IE 7]> <html class="no-js ie6 oldie" lang="en-US"> <![endif]-->
<!--[if IE 7]>    <html class (truncated...)

2024-03-20 04:30:57 [ERROR] Error getting file content for https://test.watsabplus.gold/nicon/tabler-sprites.svg: Client error: `GET https://test.watsabplus.gold/nicon/tabler-sprites.svg` resulted in a `403 Forbidden` response:
<!DOCTYPE html>
<!--[if lt IE 7]> <html class="no-js ie6 oldie" lang="en-US"> <![endif]-->
<!--[if IE 7]>    <html class (truncated...)

2024-03-20 04:30:57 [INFO] Request context:
$_GET = [
    'p' => 'terms-of-use'
]

$_POST = []
2024-03-20 04:33:03 [ERROR] Error getting file content for https://test.watsabplus.gold/nicon/regular-sprites.svg: Client error: `GET https://test.watsabplus.gold/nicon/regular-sprites.svg` resulted in a `403 Forbidden` response:
<!DOCTYPE html>
<!--[if lt IE 7]> <html class="no-js ie6 oldie" lang="en-US"> <![endif]-->
<!--[if IE 7]>    <html class (truncated...)

2024-03-20 04:33:03 [ERROR] Error getting file content for https://test.watsabplus.gold/nicon/brands-sprites.svg: Client error: `GET https://test.watsabplus.gold/nicon/brands-sprites.svg` resulted in a `403 Forbidden` response:
<!DOCTYPE html>
<!--[if lt IE 7]> <html class="no-js ie6 oldie" lang="en-US"> <![endif]-->
<!--[if IE 7]>    <html class (truncated...)

2024-03-20 04:33:03 [ERROR] Error getting file content for https://test.watsabplus.gold/nicon/solid-sprites.svg: Client error: `GET https://test.watsabplus.gold/nicon/solid-sprites.svg` resulted in a `403 Forbidden` response:
<!DOCTYPE html>
<!--[if lt IE 7]> <html class="no-js ie6 oldie" lang="en-US"> <![endif]-->
<!--[if IE 7]>    <html class (truncated...)

2024-03-20 04:33:03 [ERROR] Error getting file content for https://test.watsabplus.gold/nicon/tabler-sprites.svg: Client error: `GET https://test.watsabplus.gold/nicon/tabler-sprites.svg` resulted in a `403 Forbidden` response:
<!DOCTYPE html>
<!--[if lt IE 7]> <html class="no-js ie6 oldie" lang="en-US"> <![endif]-->
<!--[if IE 7]>    <html class (truncated...)

2024-03-20 04:33:03 [INFO] Request context:
$_GET = [
    'p' => 'call-us'
]

$_POST = []
2024-03-20 04:38:14 [ERROR] Error getting file content for https://watsabplus.gold/nicon/regular-sprites.svg: Client error: `GET https://watsabplus.gold/nicon/regular-sprites.svg` resulted in a `403 Forbidden` response:
<!DOCTYPE html>
<!--[if lt IE 7]> <html class="no-js ie6 oldie" lang="en-US"> <![endif]-->
<!--[if IE 7]>    <html class (truncated...)

2024-03-20 04:38:14 [ERROR] Error getting file content for https://watsabplus.gold/nicon/brands-sprites.svg: Client error: `GET https://watsabplus.gold/nicon/brands-sprites.svg` resulted in a `403 Forbidden` response:
<!DOCTYPE html>
<!--[if lt IE 7]> <html class="no-js ie6 oldie" lang="en-US"> <![endif]-->
<!--[if IE 7]>    <html class (truncated...)

2024-03-20 04:38:14 [ERROR] Error getting file content for https://watsabplus.gold/nicon/solid-sprites.svg: Client error: `GET https://watsabplus.gold/nicon/solid-sprites.svg` resulted in a `403 Forbidden` response:
<!DOCTYPE html>
<!--[if lt IE 7]> <html class="no-js ie6 oldie" lang="en-US"> <![endif]-->
<!--[if IE 7]>    <html class (truncated...)

2024-03-20 04:38:14 [ERROR] Error getting file content for https://watsabplus.gold/nicon/tabler-sprites.svg: Client error: `GET https://watsabplus.gold/nicon/tabler-sprites.svg` resulted in a `403 Forbidden` response:
<!DOCTYPE html>
<!--[if lt IE 7]> <html class="no-js ie6 oldie" lang="en-US"> <![endif]-->
<!--[if IE 7]>    <html class (truncated...)

2024-03-20 04:38:14 [INFO] Request context:
$_GET = [
    'p' => 'whatsapp-blue/'
]

$_POST = []
2024-03-20 05:00:17 [ERROR] Error getting file content for https://watsabplus.gold/nicon/regular-sprites.svg: Client error: `GET https://watsabplus.gold/nicon/regular-sprites.svg` resulted in a `403 Forbidden` response:
<!DOCTYPE html>
<!--[if lt IE 7]> <html class="no-js ie6 oldie" lang="en-US"> <![endif]-->
<!--[if IE 7]>    <html class (truncated...)

2024-03-20 05:00:17 [ERROR] Error getting file content for https://watsabplus.gold/nicon/brands-sprites.svg: Client error: `GET https://watsabplus.gold/nicon/brands-sprites.svg` resulted in a `403 Forbidden` response:
<!DOCTYPE html>
<!--[if lt IE 7]> <html class="no-js ie6 oldie" lang="en-US"> <![endif]-->
<!--[if IE 7]>    <html class (truncated...)

2024-03-20 05:00:17 [ERROR] Error getting file content for https://watsabplus.gold/nicon/solid-sprites.svg: Client error: `GET https://watsabplus.gold/nicon/solid-sprites.svg` resulted in a `403 Forbidden` response:
<!DOCTYPE html>
<!--[if lt IE 7]> <html class="no-js ie6 oldie" lang="en-US"> <![endif]-->
<!--[if IE 7]>    <html class (truncated...)

2024-03-20 05:00:17 [ERROR] Error getting file content for https://watsabplus.gold/nicon/tabler-sprites.svg: Client error: `GET https://watsabplus.gold/nicon/tabler-sprites.svg` resulted in a `403 Forbidden` response:
<!DOCTYPE html>
<!--[if lt IE 7]> <html class="no-js ie6 oldie" lang="en-US"> <![endif]-->
<!--[if IE 7]>    <html class (truncated...)

2024-03-20 05:00:17 [INFO] Request context:
$_GET = [
    'p' => 'whatsapp-green/'
]

$_POST = []
2024-03-20 05:02:44 [ERROR] Error getting file content for https://watsabplus.gold/nicon/regular-sprites.svg: Client error: `GET https://watsabplus.gold/nicon/regular-sprites.svg` resulted in a `403 Forbidden` response:
<!DOCTYPE html>
<!--[if lt IE 7]> <html class="no-js ie6 oldie" lang="en-US"> <![endif]-->
<!--[if IE 7]>    <html class (truncated...)

2024-03-20 05:02:44 [ERROR] Error getting file content for https://watsabplus.gold/nicon/brands-sprites.svg: Client error: `GET https://watsabplus.gold/nicon/brands-sprites.svg` resulted in a `403 Forbidden` response:
<!DOCTYPE html>
<!--[if lt IE 7]> <html class="no-js ie6 oldie" lang="en-US"> <![endif]-->
<!--[if IE 7]>    <html class (truncated...)

2024-03-20 05:02:44 [ERROR] Error getting file content for https://watsabplus.gold/nicon/solid-sprites.svg: Client error: `GET https://watsabplus.gold/nicon/solid-sprites.svg` resulted in a `403 Forbidden` response:
<!DOCTYPE html>
<!--[if lt IE 7]> <html class="no-js ie6 oldie" lang="en-US"> <![endif]-->
<!--[if IE 7]>    <html class (truncated...)

2024-03-20 05:02:44 [ERROR] Error getting file content for https://watsabplus.gold/nicon/tabler-sprites.svg: Client error: `GET https://watsabplus.gold/nicon/tabler-sprites.svg` resulted in a `403 Forbidden` response:
<!DOCTYPE html>
<!--[if lt IE 7]> <html class="no-js ie6 oldie" lang="en-US"> <![endif]-->
<!--[if IE 7]>    <html class (truncated...)

2024-03-20 05:02:44 [INFO] Request context:
$_GET = [
    'p' => 'whatsapp-green/'
]

$_POST = []
2024-03-20 05:05:06 [ERROR] Error getting file content for https://watsabplus.gold/nicon/regular-sprites.svg: Client error: `GET https://watsabplus.gold/nicon/regular-sprites.svg` resulted in a `403 Forbidden` response:
<!DOCTYPE html>
<!--[if lt IE 7]> <html class="no-js ie6 oldie" lang="en-US"> <![endif]-->
<!--[if IE 7]>    <html class (truncated...)

2024-03-20 05:05:06 [ERROR] Error getting file content for https://watsabplus.gold/nicon/brands-sprites.svg: Client error: `GET https://watsabplus.gold/nicon/brands-sprites.svg` resulted in a `403 Forbidden` response:
<!DOCTYPE html>
<!--[if lt IE 7]> <html class="no-js ie6 oldie" lang="en-US"> <![endif]-->
<!--[if IE 7]>    <html class (truncated...)

2024-03-20 05:05:06 [ERROR] Error getting file content for https://watsabplus.gold/nicon/solid-sprites.svg: Client error: `GET https://watsabplus.gold/nicon/solid-sprites.svg` resulted in a `403 Forbidden` response:
<!DOCTYPE html>
<!--[if lt IE 7]> <html class="no-js ie6 oldie" lang="en-US"> <![endif]-->
<!--[if IE 7]>    <html class (truncated...)

2024-03-20 05:05:06 [ERROR] Error getting file content for https://watsabplus.gold/nicon/tabler-sprites.svg: Client error: `GET https://watsabplus.gold/nicon/tabler-sprites.svg` resulted in a `403 Forbidden` response:
<!DOCTYPE html>
<!--[if lt IE 7]> <html class="no-js ie6 oldie" lang="en-US"> <![endif]-->
<!--[if IE 7]>    <html class (truncated...)

2024-03-20 05:05:06 [INFO] Request context:
$_GET = [
    'p' => 'whatsapp-green/'
]

$_POST = []
2024-03-20 05:05:31 [ERROR] Error getting file content for https://watsabplus.gold/nicon/regular-sprites.svg: Client error: `GET https://watsabplus.gold/nicon/regular-sprites.svg` resulted in a `403 Forbidden` response:
<!DOCTYPE html>
<!--[if lt IE 7]> <html class="no-js ie6 oldie" lang="en-US"> <![endif]-->
<!--[if IE 7]>    <html class (truncated...)

2024-03-20 05:05:31 [ERROR] Error getting file content for https://watsabplus.gold/nicon/brands-sprites.svg: Client error: `GET https://watsabplus.gold/nicon/brands-sprites.svg` resulted in a `403 Forbidden` response:
<!DOCTYPE html>
<!--[if lt IE 7]> <html class="no-js ie6 oldie" lang="en-US"> <![endif]-->
<!--[if IE 7]>    <html class (truncated...)

2024-03-20 05:05:31 [ERROR] Error getting file content for https://watsabplus.gold/nicon/solid-sprites.svg: Client error: `GET https://watsabplus.gold/nicon/solid-sprites.svg` resulted in a `403 Forbidden` response:
<!DOCTYPE html>
<!--[if lt IE 7]> <html class="no-js ie6 oldie" lang="en-US"> <![endif]-->
<!--[if IE 7]>    <html class (truncated...)

2024-03-20 05:05:31 [ERROR] Error getting file content for https://watsabplus.gold/nicon/tabler-sprites.svg: Client error: `GET https://watsabplus.gold/nicon/tabler-sprites.svg` resulted in a `403 Forbidden` response:
<!DOCTYPE html>
<!--[if lt IE 7]> <html class="no-js ie6 oldie" lang="en-US"> <![endif]-->
<!--[if IE 7]>    <html class (truncated...)

2024-03-20 05:05:31 [INFO] Request context:
$_GET = [
    'p' => 'whatsapp-green/'
]

$_POST = []
2024-03-20 05:06:02 [ERROR] Error getting file content for https://watsabplus.gold/nicon/regular-sprites.svg: Client error: `GET https://watsabplus.gold/nicon/regular-sprites.svg` resulted in a `403 Forbidden` response:
<!DOCTYPE html>
<!--[if lt IE 7]> <html class="no-js ie6 oldie" lang="en-US"> <![endif]-->
<!--[if IE 7]>    <html class (truncated...)

2024-03-20 05:06:02 [ERROR] Error getting file content for https://watsabplus.gold/nicon/brands-sprites.svg: Client error: `GET https://watsabplus.gold/nicon/brands-sprites.svg` resulted in a `403 Forbidden` response:
<!DOCTYPE html>
<!--[if lt IE 7]> <html class="no-js ie6 oldie" lang="en-US"> <![endif]-->
<!--[if IE 7]>    <html class (truncated...)

2024-03-20 05:06:02 [ERROR] Error getting file content for https://watsabplus.gold/nicon/solid-sprites.svg: Client error: `GET https://watsabplus.gold/nicon/solid-sprites.svg` resulted in a `403 Forbidden` response:
<!DOCTYPE html>
<!--[if lt IE 7]> <html class="no-js ie6 oldie" lang="en-US"> <![endif]-->
<!--[if IE 7]>    <html class (truncated...)

2024-03-20 05:06:02 [ERROR] Error getting file content for https://watsabplus.gold/nicon/tabler-sprites.svg: Client error: `GET https://watsabplus.gold/nicon/tabler-sprites.svg` resulted in a `403 Forbidden` response:
<!DOCTYPE html>
<!--[if lt IE 7]> <html class="no-js ie6 oldie" lang="en-US"> <![endif]-->
<!--[if IE 7]>    <html class (truncated...)

2024-03-20 05:06:02 [INFO] Request context:
$_GET = [
    'p' => 'whatsapp-green/'
]

$_POST = []
2024-03-20 05:06:20 [ERROR] Error getting file content for https://watsabplus.gold/nicon/regular-sprites.svg: Client error: `GET https://watsabplus.gold/nicon/regular-sprites.svg` resulted in a `403 Forbidden` response:
<!DOCTYPE html>
<!--[if lt IE 7]> <html class="no-js ie6 oldie" lang="en-US"> <![endif]-->
<!--[if IE 7]>    <html class (truncated...)

2024-03-20 05:06:20 [ERROR] Error getting file content for https://watsabplus.gold/nicon/brands-sprites.svg: Client error: `GET https://watsabplus.gold/nicon/brands-sprites.svg` resulted in a `403 Forbidden` response:
<!DOCTYPE html>
<!--[if lt IE 7]> <html class="no-js ie6 oldie" lang="en-US"> <![endif]-->
<!--[if IE 7]>    <html class (truncated...)

2024-03-20 05:06:20 [ERROR] Error getting file content for https://watsabplus.gold/nicon/solid-sprites.svg: Client error: `GET https://watsabplus.gold/nicon/solid-sprites.svg` resulted in a `403 Forbidden` response:
<!DOCTYPE html>
<!--[if lt IE 7]> <html class="no-js ie6 oldie" lang="en-US"> <![endif]-->
<!--[if IE 7]>    <html class (truncated...)

2024-03-20 05:06:20 [ERROR] Error getting file content for https://watsabplus.gold/nicon/tabler-sprites.svg: Client error: `GET https://watsabplus.gold/nicon/tabler-sprites.svg` resulted in a `403 Forbidden` response:
<!DOCTYPE html>
<!--[if lt IE 7]> <html class="no-js ie6 oldie" lang="en-US"> <![endif]-->
<!--[if IE 7]>    <html class (truncated...)

2024-03-20 05:06:20 [INFO] Request context:
$_GET = [
    'p' => 'whatsapp-green/'
]

$_POST = []
2024-03-20 05:06:45 [ERROR] Error getting file content for https://watsabplus.gold/nicon/regular-sprites.svg: Client error: `GET https://watsabplus.gold/nicon/regular-sprites.svg` resulted in a `403 Forbidden` response:
<!DOCTYPE html>
<!--[if lt IE 7]> <html class="no-js ie6 oldie" lang="en-US"> <![endif]-->
<!--[if IE 7]>    <html class (truncated...)

2024-03-20 05:06:45 [ERROR] Error getting file content for https://watsabplus.gold/nicon/brands-sprites.svg: Client error: `GET https://watsabplus.gold/nicon/brands-sprites.svg` resulted in a `403 Forbidden` response:
<!DOCTYPE html>
<!--[if lt IE 7]> <html class="no-js ie6 oldie" lang="en-US"> <![endif]-->
<!--[if IE 7]>    <html class (truncated...)

2024-03-20 05:06:45 [ERROR] Error getting file content for https://watsabplus.gold/nicon/solid-sprites.svg: Client error: `GET https://watsabplus.gold/nicon/solid-sprites.svg` resulted in a `403 Forbidden` response:
<!DOCTYPE html>
<!--[if lt IE 7]> <html class="no-js ie6 oldie" lang="en-US"> <![endif]-->
<!--[if IE 7]>    <html class (truncated...)

2024-03-20 05:06:45 [ERROR] Error getting file content for https://watsabplus.gold/nicon/tabler-sprites.svg: Client error: `GET https://watsabplus.gold/nicon/tabler-sprites.svg` resulted in a `403 Forbidden` response:
<!DOCTYPE html>
<!--[if lt IE 7]> <html class="no-js ie6 oldie" lang="en-US"> <![endif]-->
<!--[if IE 7]>    <html class (truncated...)

2024-03-20 05:06:45 [INFO] Request context:
$_GET = [
    'p' => 'whatsapp-green/'
]

$_POST = []
2024-03-20 05:07:43 [ERROR] Error getting file content for https://watsabplus.gold/nicon/regular-sprites.svg: Client error: `GET https://watsabplus.gold/nicon/regular-sprites.svg` resulted in a `403 Forbidden` response:
<!DOCTYPE html>
<!--[if lt IE 7]> <html class="no-js ie6 oldie" lang="en-US"> <![endif]-->
<!--[if IE 7]>    <html class (truncated...)

2024-03-20 05:07:43 [ERROR] Error getting file content for https://watsabplus.gold/nicon/brands-sprites.svg: Client error: `GET https://watsabplus.gold/nicon/brands-sprites.svg` resulted in a `403 Forbidden` response:
<!DOCTYPE html>
<!--[if lt IE 7]> <html class="no-js ie6 oldie" lang="en-US"> <![endif]-->
<!--[if IE 7]>    <html class (truncated...)

2024-03-20 05:07:43 [ERROR] Error getting file content for https://watsabplus.gold/nicon/solid-sprites.svg: Client error: `GET https://watsabplus.gold/nicon/solid-sprites.svg` resulted in a `403 Forbidden` response:
<!DOCTYPE html>
<!--[if lt IE 7]> <html class="no-js ie6 oldie" lang="en-US"> <![endif]-->
<!--[if IE 7]>    <html class (truncated...)

2024-03-20 05:07:43 [ERROR] Error getting file content for https://watsabplus.gold/nicon/tabler-sprites.svg: Client error: `GET https://watsabplus.gold/nicon/tabler-sprites.svg` resulted in a `403 Forbidden` response:
<!DOCTYPE html>
<!--[if lt IE 7]> <html class="no-js ie6 oldie" lang="en-US"> <![endif]-->
<!--[if IE 7]>    <html class (truncated...)

2024-03-20 05:07:43 [INFO] Request context:
$_GET = [
    'p' => 'whatsapp-green/'
]

$_POST = []
2024-03-20 05:08:03 [ERROR] Error getting file content for https://watsabplus.gold/nicon/regular-sprites.svg: Client error: `GET https://watsabplus.gold/nicon/regular-sprites.svg` resulted in a `403 Forbidden` response:
<!DOCTYPE html>
<!--[if lt IE 7]> <html class="no-js ie6 oldie" lang="en-US"> <![endif]-->
<!--[if IE 7]>    <html class (truncated...)

2024-03-20 05:08:03 [ERROR] Error getting file content for https://watsabplus.gold/nicon/brands-sprites.svg: Client error: `GET https://watsabplus.gold/nicon/brands-sprites.svg` resulted in a `403 Forbidden` response:
<!DOCTYPE html>
<!--[if lt IE 7]> <html class="no-js ie6 oldie" lang="en-US"> <![endif]-->
<!--[if IE 7]>    <html class (truncated...)

2024-03-20 05:08:03 [ERROR] Error getting file content for https://watsabplus.gold/nicon/solid-sprites.svg: Client error: `GET https://watsabplus.gold/nicon/solid-sprites.svg` resulted in a `403 Forbidden` response:
<!DOCTYPE html>
<!--[if lt IE 7]> <html class="no-js ie6 oldie" lang="en-US"> <![endif]-->
<!--[if IE 7]>    <html class (truncated...)

2024-03-20 05:08:03 [ERROR] Error getting file content for https://watsabplus.gold/nicon/tabler-sprites.svg: Client error: `GET https://watsabplus.gold/nicon/tabler-sprites.svg` resulted in a `403 Forbidden` response:
<!DOCTYPE html>
<!--[if lt IE 7]> <html class="no-js ie6 oldie" lang="en-US"> <![endif]-->
<!--[if IE 7]>    <html class (truncated...)

2024-03-20 05:08:03 [INFO] Request context:
$_GET = [
    'p' => 'whatsapp-green/'
]

$_POST = []
2024-03-20 05:08:28 [ERROR] Error getting file content for https://watsabplus.gold/nicon/regular-sprites.svg: Client error: `GET https://watsabplus.gold/nicon/regular-sprites.svg` resulted in a `403 Forbidden` response:
<!DOCTYPE html>
<!--[if lt IE 7]> <html class="no-js ie6 oldie" lang="en-US"> <![endif]-->
<!--[if IE 7]>    <html class (truncated...)

2024-03-20 05:08:28 [ERROR] Error getting file content for https://watsabplus.gold/nicon/brands-sprites.svg: Client error: `GET https://watsabplus.gold/nicon/brands-sprites.svg` resulted in a `403 Forbidden` response:
<!DOCTYPE html>
<!--[if lt IE 7]> <html class="no-js ie6 oldie" lang="en-US"> <![endif]-->
<!--[if IE 7]>    <html class (truncated...)

2024-03-20 05:08:28 [ERROR] Error getting file content for https://watsabplus.gold/nicon/solid-sprites.svg: Client error: `GET https://watsabplus.gold/nicon/solid-sprites.svg` resulted in a `403 Forbidden` response:
<!DOCTYPE html>
<!--[if lt IE 7]> <html class="no-js ie6 oldie" lang="en-US"> <![endif]-->
<!--[if IE 7]>    <html class (truncated...)

2024-03-20 05:08:28 [ERROR] Error getting file content for https://watsabplus.gold/nicon/tabler-sprites.svg: Client error: `GET https://watsabplus.gold/nicon/tabler-sprites.svg` resulted in a `403 Forbidden` response:
<!DOCTYPE html>
<!--[if lt IE 7]> <html class="no-js ie6 oldie" lang="en-US"> <![endif]-->
<!--[if IE 7]>    <html class (truncated...)

2024-03-20 05:08:28 [INFO] Request context:
$_GET = [
    'p' => 'whatsapp-green/'
]

$_POST = []
2024-03-20 05:21:36 [ERROR] Error getting file content for https://watsabplus.gold/nicon/regular-sprites.svg: Client error: `GET https://watsabplus.gold/nicon/regular-sprites.svg` resulted in a `403 Forbidden` response:
<!DOCTYPE html>
<!--[if lt IE 7]> <html class="no-js ie6 oldie" lang="en-US"> <![endif]-->
<!--[if IE 7]>    <html class (truncated...)

2024-03-20 05:21:36 [ERROR] Error getting file content for https://watsabplus.gold/nicon/brands-sprites.svg: Client error: `GET https://watsabplus.gold/nicon/brands-sprites.svg` resulted in a `403 Forbidden` response:
<!DOCTYPE html>
<!--[if lt IE 7]> <html class="no-js ie6 oldie" lang="en-US"> <![endif]-->
<!--[if IE 7]>    <html class (truncated...)

2024-03-20 05:21:36 [ERROR] Error getting file content for https://watsabplus.gold/nicon/solid-sprites.svg: Client error: `GET https://watsabplus.gold/nicon/solid-sprites.svg` resulted in a `403 Forbidden` response:
<!DOCTYPE html>
<!--[if lt IE 7]> <html class="no-js ie6 oldie" lang="en-US"> <![endif]-->
<!--[if IE 7]>    <html class (truncated...)

2024-03-20 05:21:36 [ERROR] Error getting file content for https://watsabplus.gold/nicon/tabler-sprites.svg: Client error: `GET https://watsabplus.gold/nicon/tabler-sprites.svg` resulted in a `403 Forbidden` response:
<!DOCTYPE html>
<!--[if lt IE 7]> <html class="no-js ie6 oldie" lang="en-US"> <![endif]-->
<!--[if IE 7]>    <html class (truncated...)

2024-03-20 05:21:36 [INFO] Request context:
$_GET = [
    'p' => 'whatsapp-green/'
]

$_POST = []
2024-03-20 05:23:12 [ERROR] Error getting file content for https://watsabplus.gold/nicon/regular-sprites.svg: Client error: `GET https://watsabplus.gold/nicon/regular-sprites.svg` resulted in a `403 Forbidden` response:
<!DOCTYPE html>
<!--[if lt IE 7]> <html class="no-js ie6 oldie" lang="en-US"> <![endif]-->
<!--[if IE 7]>    <html class (truncated...)

2024-03-20 05:23:12 [ERROR] Error getting file content for https://watsabplus.gold/nicon/brands-sprites.svg: Client error: `GET https://watsabplus.gold/nicon/brands-sprites.svg` resulted in a `403 Forbidden` response:
<!DOCTYPE html>
<!--[if lt IE 7]> <html class="no-js ie6 oldie" lang="en-US"> <![endif]-->
<!--[if IE 7]>    <html class (truncated...)

2024-03-20 05:23:12 [ERROR] Error getting file content for https://watsabplus.gold/nicon/solid-sprites.svg: Client error: `GET https://watsabplus.gold/nicon/solid-sprites.svg` resulted in a `403 Forbidden` response:
<!DOCTYPE html>
<!--[if lt IE 7]> <html class="no-js ie6 oldie" lang="en-US"> <![endif]-->
<!--[if IE 7]>    <html class (truncated...)

2024-03-20 05:23:12 [ERROR] Error getting file content for https://watsabplus.gold/nicon/tabler-sprites.svg: Client error: `GET https://watsabplus.gold/nicon/tabler-sprites.svg` resulted in a `403 Forbidden` response:
<!DOCTYPE html>
<!--[if lt IE 7]> <html class="no-js ie6 oldie" lang="en-US"> <![endif]-->
<!--[if IE 7]>    <html class (truncated...)

2024-03-20 05:23:12 [INFO] Request context:
$_GET = [
    'p' => 'whatsapp-gold/'
]

$_POST = []
2024-03-20 05:23:56 [ERROR] Error getting file content for https://watsabplus.gold/nicon/regular-sprites.svg: Client error: `GET https://watsabplus.gold/nicon/regular-sprites.svg` resulted in a `403 Forbidden` response:
<!DOCTYPE html>
<!--[if lt IE 7]> <html class="no-js ie6 oldie" lang="en-US"> <![endif]-->
<!--[if IE 7]>    <html class (truncated...)

2024-03-20 05:23:56 [ERROR] Error getting file content for https://watsabplus.gold/nicon/brands-sprites.svg: Client error: `GET https://watsabplus.gold/nicon/brands-sprites.svg` resulted in a `403 Forbidden` response:
<!DOCTYPE html>
<!--[if lt IE 7]> <html class="no-js ie6 oldie" lang="en-US"> <![endif]-->
<!--[if IE 7]>    <html class (truncated...)

2024-03-20 05:23:56 [ERROR] Error getting file content for https://watsabplus.gold/nicon/solid-sprites.svg: Client error: `GET https://watsabplus.gold/nicon/solid-sprites.svg` resulted in a `403 Forbidden` response:
<!DOCTYPE html>
<!--[if lt IE 7]> <html class="no-js ie6 oldie" lang="en-US"> <![endif]-->
<!--[if IE 7]>    <html class (truncated...)

2024-03-20 05:23:56 [ERROR] Error getting file content for https://watsabplus.gold/nicon/tabler-sprites.svg: Client error: `GET https://watsabplus.gold/nicon/tabler-sprites.svg` resulted in a `403 Forbidden` response:
<!DOCTYPE html>
<!--[if lt IE 7]> <html class="no-js ie6 oldie" lang="en-US"> <![endif]-->
<!--[if IE 7]>    <html class (truncated...)

2024-03-20 05:23:56 [INFO] Request context:
$_GET = [
    'p' => 'whatsapp-green/'
]

$_POST = []
2024-03-20 05:24:40 [ERROR] Error getting file content for https://watsabplus.gold/nicon/regular-sprites.svg: Client error: `GET https://watsabplus.gold/nicon/regular-sprites.svg` resulted in a `403 Forbidden` response:
<!DOCTYPE html>
<!--[if lt IE 7]> <html class="no-js ie6 oldie" lang="en-US"> <![endif]-->
<!--[if IE 7]>    <html class (truncated...)

2024-03-20 05:24:40 [ERROR] Error getting file content for https://watsabplus.gold/nicon/brands-sprites.svg: Client error: `GET https://watsabplus.gold/nicon/brands-sprites.svg` resulted in a `403 Forbidden` response:
<!DOCTYPE html>
<!--[if lt IE 7]> <html class="no-js ie6 oldie" lang="en-US"> <![endif]-->
<!--[if IE 7]>    <html class (truncated...)

2024-03-20 05:24:40 [ERROR] Error getting file content for https://watsabplus.gold/nicon/solid-sprites.svg: Client error: `GET https://watsabplus.gold/nicon/solid-sprites.svg` resulted in a `403 Forbidden` response:
<!DOCTYPE html>
<!--[if lt IE 7]> <html class="no-js ie6 oldie" lang="en-US"> <![endif]-->
<!--[if IE 7]>    <html class (truncated...)

2024-03-20 05:24:40 [ERROR] Error getting file content for https://watsabplus.gold/nicon/tabler-sprites.svg: Client error: `GET https://watsabplus.gold/nicon/tabler-sprites.svg` resulted in a `403 Forbidden` response:
<!DOCTYPE html>
<!--[if lt IE 7]> <html class="no-js ie6 oldie" lang="en-US"> <![endif]-->
<!--[if IE 7]>    <html class (truncated...)

2024-03-20 05:24:40 [INFO] Request context:
$_GET = [
    'p' => 'whatsapp-green/'
]

$_POST = []
2024-03-20 05:25:33 [ERROR] Error getting file content for https://watsabplus.gold/nicon/regular-sprites.svg: Client error: `GET https://watsabplus.gold/nicon/regular-sprites.svg` resulted in a `403 Forbidden` response:
<!DOCTYPE html>
<!--[if lt IE 7]> <html class="no-js ie6 oldie" lang="en-US"> <![endif]-->
<!--[if IE 7]>    <html class (truncated...)

2024-03-20 05:25:33 [ERROR] Error getting file content for https://watsabplus.gold/nicon/brands-sprites.svg: Client error: `GET https://watsabplus.gold/nicon/brands-sprites.svg` resulted in a `403 Forbidden` response:
<!DOCTYPE html>
<!--[if lt IE 7]> <html class="no-js ie6 oldie" lang="en-US"> <![endif]-->
<!--[if IE 7]>    <html class (truncated...)

2024-03-20 05:25:33 [ERROR] Error getting file content for https://watsabplus.gold/nicon/solid-sprites.svg: Client error: `GET https://watsabplus.gold/nicon/solid-sprites.svg` resulted in a `403 Forbidden` response:
<!DOCTYPE html>
<!--[if lt IE 7]> <html class="no-js ie6 oldie" lang="en-US"> <![endif]-->
<!--[if IE 7]>    <html class (truncated...)

2024-03-20 05:25:33 [ERROR] Error getting file content for https://watsabplus.gold/nicon/tabler-sprites.svg: Client error: `GET https://watsabplus.gold/nicon/tabler-sprites.svg` resulted in a `403 Forbidden` response:
<!DOCTYPE html>
<!--[if lt IE 7]> <html class="no-js ie6 oldie" lang="en-US"> <![endif]-->
<!--[if IE 7]>    <html class (truncated...)

2024-03-20 05:25:33 [INFO] Request context:
$_GET = [
    'p' => 'whatsapp-green/'
]

$_POST = []
2024-03-20 05:26:53 [ERROR] Error getting file content for https://watsabplus.gold/nicon/regular-sprites.svg: Client error: `GET https://watsabplus.gold/nicon/regular-sprites.svg` resulted in a `403 Forbidden` response:
<!DOCTYPE html>
<!--[if lt IE 7]> <html class="no-js ie6 oldie" lang="en-US"> <![endif]-->
<!--[if IE 7]>    <html class (truncated...)

2024-03-20 05:26:53 [ERROR] Error getting file content for https://watsabplus.gold/nicon/brands-sprites.svg: Client error: `GET https://watsabplus.gold/nicon/brands-sprites.svg` resulted in a `403 Forbidden` response:
<!DOCTYPE html>
<!--[if lt IE 7]> <html class="no-js ie6 oldie" lang="en-US"> <![endif]-->
<!--[if IE 7]>    <html class (truncated...)

2024-03-20 05:26:53 [ERROR] Error getting file content for https://watsabplus.gold/nicon/solid-sprites.svg: Client error: `GET https://watsabplus.gold/nicon/solid-sprites.svg` resulted in a `403 Forbidden` response:
<!DOCTYPE html>
<!--[if lt IE 7]> <html class="no-js ie6 oldie" lang="en-US"> <![endif]-->
<!--[if IE 7]>    <html class (truncated...)

2024-03-20 05:26:53 [ERROR] Error getting file content for https://watsabplus.gold/nicon/tabler-sprites.svg: Client error: `GET https://watsabplus.gold/nicon/tabler-sprites.svg` resulted in a `403 Forbidden` response:
<!DOCTYPE html>
<!--[if lt IE 7]> <html class="no-js ie6 oldie" lang="en-US"> <![endif]-->
<!--[if IE 7]>    <html class (truncated...)

2024-03-20 05:26:53 [INFO] Request context:
$_GET = [
    'p' => 'whatsapp-gold/'
]

$_POST = []
2024-03-20 05:36:27 [ERROR] Error getting file content for https://watsabplus.gold/nicon/regular-sprites.svg: Client error: `GET https://watsabplus.gold/nicon/regular-sprites.svg` resulted in a `403 Forbidden` response:
<!DOCTYPE html>
<!--[if lt IE 7]> <html class="no-js ie6 oldie" lang="en-US"> <![endif]-->
<!--[if IE 7]>    <html class (truncated...)

2024-03-20 05:36:27 [ERROR] Error getting file content for https://watsabplus.gold/nicon/brands-sprites.svg: Client error: `GET https://watsabplus.gold/nicon/brands-sprites.svg` resulted in a `403 Forbidden` response:
<!DOCTYPE html>
<!--[if lt IE 7]> <html class="no-js ie6 oldie" lang="en-US"> <![endif]-->
<!--[if IE 7]>    <html class (truncated...)

2024-03-20 05:36:27 [ERROR] Error getting file content for https://watsabplus.gold/nicon/solid-sprites.svg: Client error: `GET https://watsabplus.gold/nicon/solid-sprites.svg` resulted in a `403 Forbidden` response:
<!DOCTYPE html>
<!--[if lt IE 7]> <html class="no-js ie6 oldie" lang="en-US"> <![endif]-->
<!--[if IE 7]>    <html class (truncated...)

2024-03-20 05:36:27 [ERROR] Error getting file content for https://watsabplus.gold/nicon/tabler-sprites.svg: Client error: `GET https://watsabplus.gold/nicon/tabler-sprites.svg` resulted in a `403 Forbidden` response:
<!DOCTYPE html>
<!--[if lt IE 7]> <html class="no-js ie6 oldie" lang="en-US"> <![endif]-->
<!--[if IE 7]>    <html class (truncated...)

2024-03-20 05:36:27 [INFO] Request context:
$_GET = [
    'p' => 'whatsapp-gold/'
]

$_POST = []
2024-03-20 05:37:05 [ERROR] Error getting file content for https://watsabplus.gold/nicon/regular-sprites.svg: Client error: `GET https://watsabplus.gold/nicon/regular-sprites.svg` resulted in a `403 Forbidden` response:
<!DOCTYPE html>
<!--[if lt IE 7]> <html class="no-js ie6 oldie" lang="en-US"> <![endif]-->
<!--[if IE 7]>    <html class (truncated...)

2024-03-20 05:37:05 [ERROR] Error getting file content for https://watsabplus.gold/nicon/brands-sprites.svg: Client error: `GET https://watsabplus.gold/nicon/brands-sprites.svg` resulted in a `403 Forbidden` response:
<!DOCTYPE html>
<!--[if lt IE 7]> <html class="no-js ie6 oldie" lang="en-US"> <![endif]-->
<!--[if IE 7]>    <html class (truncated...)

2024-03-20 05:37:05 [ERROR] Error getting file content for https://watsabplus.gold/nicon/solid-sprites.svg: Client error: `GET https://watsabplus.gold/nicon/solid-sprites.svg` resulted in a `403 Forbidden` response:
<!DOCTYPE html>
<!--[if lt IE 7]> <html class="no-js ie6 oldie" lang="en-US"> <![endif]-->
<!--[if IE 7]>    <html class (truncated...)

2024-03-20 05:37:05 [ERROR] Error getting file content for https://watsabplus.gold/nicon/tabler-sprites.svg: Client error: `GET https://watsabplus.gold/nicon/tabler-sprites.svg` resulted in a `403 Forbidden` response:
<!DOCTYPE html>
<!--[if lt IE 7]> <html class="no-js ie6 oldie" lang="en-US"> <![endif]-->
<!--[if IE 7]>    <html class (truncated...)

2024-03-20 05:37:05 [INFO] Request context:
$_GET = [
    'p' => 'whatsapp-blue/'
]

$_POST = []
2024-03-20 05:37:19 [ERROR] Error getting file content for https://watsabplus.gold/nicon/regular-sprites.svg: Client error: `GET https://watsabplus.gold/nicon/regular-sprites.svg` resulted in a `403 Forbidden` response:
<!DOCTYPE html>
<!--[if lt IE 7]> <html class="no-js ie6 oldie" lang="en-US"> <![endif]-->
<!--[if IE 7]>    <html class (truncated...)

2024-03-20 05:37:19 [ERROR] Error getting file content for https://watsabplus.gold/nicon/brands-sprites.svg: Client error: `GET https://watsabplus.gold/nicon/brands-sprites.svg` resulted in a `403 Forbidden` response:
<!DOCTYPE html>
<!--[if lt IE 7]> <html class="no-js ie6 oldie" lang="en-US"> <![endif]-->
<!--[if IE 7]>    <html class (truncated...)

2024-03-20 05:37:19 [ERROR] Error getting file content for https://watsabplus.gold/nicon/solid-sprites.svg: Client error: `GET https://watsabplus.gold/nicon/solid-sprites.svg` resulted in a `403 Forbidden` response:
<!DOCTYPE html>
<!--[if lt IE 7]> <html class="no-js ie6 oldie" lang="en-US"> <![endif]-->
<!--[if IE 7]>    <html class (truncated...)

2024-03-20 05:37:19 [ERROR] Error getting file content for https://watsabplus.gold/nicon/tabler-sprites.svg: Client error: `GET https://watsabplus.gold/nicon/tabler-sprites.svg` resulted in a `403 Forbidden` response:
<!DOCTYPE html>
<!--[if lt IE 7]> <html class="no-js ie6 oldie" lang="en-US"> <![endif]-->
<!--[if IE 7]>    <html class (truncated...)

2024-03-20 05:37:19 [INFO] Request context:
$_GET = [
    'p' => 'whatsapp-black/'
]

$_POST = []
2024-03-20 05:37:35 [ERROR] Error getting file content for https://watsabplus.gold/nicon/regular-sprites.svg: Client error: `GET https://watsabplus.gold/nicon/regular-sprites.svg` resulted in a `403 Forbidden` response:
<!DOCTYPE html>
<!--[if lt IE 7]> <html class="no-js ie6 oldie" lang="en-US"> <![endif]-->
<!--[if IE 7]>    <html class (truncated...)

2024-03-20 05:37:35 [ERROR] Error getting file content for https://watsabplus.gold/nicon/brands-sprites.svg: Client error: `GET https://watsabplus.gold/nicon/brands-sprites.svg` resulted in a `403 Forbidden` response:
<!DOCTYPE html>
<!--[if lt IE 7]> <html class="no-js ie6 oldie" lang="en-US"> <![endif]-->
<!--[if IE 7]>    <html class (truncated...)

2024-03-20 05:37:35 [ERROR] Error getting file content for https://watsabplus.gold/nicon/solid-sprites.svg: Client error: `GET https://watsabplus.gold/nicon/solid-sprites.svg` resulted in a `403 Forbidden` response:
<!DOCTYPE html>
<!--[if lt IE 7]> <html class="no-js ie6 oldie" lang="en-US"> <![endif]-->
<!--[if IE 7]>    <html class (truncated...)

2024-03-20 05:37:35 [ERROR] Error getting file content for https://watsabplus.gold/nicon/tabler-sprites.svg: Client error: `GET https://watsabplus.gold/nicon/tabler-sprites.svg` resulted in a `403 Forbidden` response:
<!DOCTYPE html>
<!--[if lt IE 7]> <html class="no-js ie6 oldie" lang="en-US"> <![endif]-->
<!--[if IE 7]>    <html class (truncated...)

2024-03-20 05:37:35 [INFO] Request context:
$_GET = [
    'p' => 'whatsapp-green/'
]

$_POST = []
